<?xml version="1.0" encoding="UTF-8"?>
<!-- Generated by org.testng.reporters.JUnitReportReporter -->
<testsuite hostname="DESKTOP-4ICBJKC" failures="0" tests="5" name="com.acti.testcase.LoginPageTests" time="10.819" errors="0" timestamp="2023-05-02T23:25:55 CDT" skipped="4">
  <testcase classname="com.acti.testcase.LoginPageTests" name="tetsLoginFunction" time="10.819"/>
  <system-out/>
  <testcase classname="com.acti.testcase.LoginPageTests" name="testLoginInvalidCredentials">
    <skipped/>
  </testcase> <!-- testLoginInvalidCredentials -->
  <system-out/>
  <testcase classname="com.acti.testcase.LoginPageTests" name="testForgotPasswordLink">
    <skipped/>
  </testcase> <!-- testForgotPasswordLink -->
  <system-out/>
  <testcase classname="com.acti.testcase.LoginPageTests" name="testActiImgDisplayed">
    <skipped/>
  </testcase> <!-- testActiImgDisplayed -->
  <system-out/>
  <testcase classname="com.acti.testcase.LoginPageTests" name="testLoginPageTitle">
    <skipped/>
  </testcase> <!-- testLoginPageTitle -->
  <system-out/>
</testsuite> <!-- com.acti.testcase.LoginPageTests -->
