<?xml version="1.0" encoding="UTF-8"?>
<!-- Generated by org.testng.reporters.JUnitReportReporter -->
<testsuite hostname="DESKTOP-4ICBJKC" failures="0" tests="2" name="com.acti.testcase.TaskPageTests" time="35.515" errors="0" timestamp="2023-05-09T14:12:20 CDT" skipped="0">
  <testcase classname="com.acti.testcase.TaskPageTests" name="testCreateCustomer" time="12.078"/>
  <system-out/>
  <testcase classname="com.acti.testcase.TaskPageTests" name="testDeleteCustomer" time="23.437"/>
  <system-out/>
</testsuite> <!-- com.acti.testcase.TaskPageTests -->
