<?xml version="1.0" encoding="UTF-8"?>
<!-- Generated by org.testng.reporters.JUnitReportReporter -->
<testsuite hostname="DESKTOP-4ICBJKC" failures="0" tests="5" name="com.acti.testcase.LoginPageTests" time="17.653" errors="0" timestamp="2023-05-02T11:35:29 CDT" skipped="0">
  <testcase classname="com.acti.testcase.LoginPageTests" name="tetsLoginFunction" time="2.597"/>
  <system-out/>
  <testcase classname="com.acti.testcase.LoginPageTests" name="testLoginInvalidCredentials" time="5.719"/>
  <system-out/>
  <testcase classname="com.acti.testcase.LoginPageTests" name="testLoginPageTitle" time="2.881"/>
  <system-out/>
  <testcase classname="com.acti.testcase.LoginPageTests" name="testForgotPasswordLink" time="2.422"/>
  <system-out/>
  <testcase classname="com.acti.testcase.LoginPageTests" name="testActiImgDisplayed" time="4.034"/>
  <system-out/>
</testsuite> <!-- com.acti.testcase.LoginPageTests -->
