<?xml version="1.0" encoding="UTF-8"?>
<!-- Generated by org.testng.reporters.JUnitReportReporter -->
<testsuite hostname="DESKTOP-4ICBJKC" failures="0" tests="2" name="com.acti.testcase.TaskPageTests" time="29.519" errors="0" timestamp="2023-05-16T12:33:04 CDT" skipped="0">
  <testcase classname="com.acti.testcase.TaskPageTests" name="testCreateCustomer" time="9.748"/>
  <system-out/>
  <testcase classname="com.acti.testcase.TaskPageTests" name="testDeleteCustomer" time="19.771"/>
  <system-out/>
</testsuite> <!-- com.acti.testcase.TaskPageTests -->
