<?xml version="1.0" encoding="UTF-8"?>
<!-- Generated by org.testng.reporters.JUnitReportReporter -->
<testsuite hostname="DESKTOP-4ICBJKC" failures="0" tests="1" name="com.acti.base.DriverScript" time="6.174" errors="0" timestamp="2023-04-27T13:10:31 CDT" skipped="0">
  <testcase classname="com.acti.base.DriverScript" name="initApplication" time="6.174"/>
  <system-out/>
</testsuite> <!-- com.acti.base.DriverScript -->
